-----------------------------------
-------- SYMBOLIC EXECUTION -------
Binary filename: ../scripts/tmp-build/demo_prv/vrased.elf
Architecture: <Arch MSP430 (LE)>
Entry address: 0xe000
pmem_start: <Symbol "__watchdog_support" in vrased.elf at 0xe000>
acfa_exit: <Symbol "acfa_exit" in vrased.elf at 0xe264>
State type: <class 'angr.sim_state.SimState'>
pass[0] symbolic addr: 0x800
pass[] = <BV32 0x61626364>
pass[0] symbolic addr: 0x804
user_input[] = <BV40 0x616263640d>
0xe000
current block: ['0xe018', '0xe01e', '0xe020', '0xe026']
0xe018
current block: ['0xe018', '0xe01e', '0xe020', '0xe026']
0xe018
1
current block: ['0xe018', '0xe01e', '0xe020', '0xe026']
0xe018
2
0xe018
3
0xe018
current block: ['0xe028', '0xe02c', '0xe02e']
0xe028
current block: ['0xe030', '0xe036', '0xe038', '0xe03c']
0xe030
current block: ['0xe030', '0xe036', '0xe038', '0xe03c']
0xe030
1
current block: ['0xe030', '0xe036', '0xe038', '0xe03c']
0xe030
2
0xe030
3
0xe030
4
0xe030
5
0xe030
6
0xe030
7
0xe030
8
0xe030
9
0xe030
10
0xe030
11
0xe030
12
0xe030
13
0xe030
14
0xe030
15
0xe030
16
0xe030
17
0xe030
18
0xe030
19
0xe030
20
0xe030
21
0xe030
22
0xe030
23
0xe030
24
0xe030
25
0xe030
26
0xe030
27
0xe030
28
0xe030
29
0xe030
30
0xe030
current block: ['0xe03e', '0xe040', '0xe042', '0xe044', '0xe048', '0xe04c', '0xe050', '0xe054']
0xe03e
current block: ['0xe0ae', '0xe0b0', '0xe0b2', '0xe0b4', '0xe0b8', '0xe0bc', '0xe0c0', '0xe0c4', '0xe0c8', '0xe0ca', '0xe0ce']
log_entry: e054e0ae
0xe0ae
current block: ['0xe126', '0xe128', '0xe12a', '0xe12c', '0xe12e', '0xe132', '0xe136']
log_entry: e0cee126
---------- IN READ_DATA_HOOK --------------
pass[] = <BV32 0x61626364>
user_input[] = <BV40 0x616263640d>
initial block
['0xe126', '0xe128', '0xe12a', '0xe12c', '0xe12e', '0xe132', '0xe136']
while block
['0xe138', '0xe13c', '0xe140', '0xe144', '0xe148', '0xe14a', '0xe14e', '0xe152', '0xe156', '0xe15a', '0xe15c', '0xe160']
log_entry: e136e152
log_entry: e160e138
log_entry: 00000004
exit block
['0xe162', '0xe164', '0xe166']
log_entry: e160e162
final cf_src: 0xe166
final cf_dest 0xe0d2
log_entry: e166e0d2
---------------------------------
0xe126
current block: ['0xe0d2', '0xe0d6', '0xe0da', '0xe0dc', '0xe0de', '0xe0e0', '0xe0e4', '0xe0e8', '0xe0ec', '0xe0ee', '0xe0f0', '0xe0f2', '0xe0f6', '0xe0fa', '0xe0fe', '0xe100', '0xe102', '0xe104', '0xe108', '0xe10c', '0xe110', '0xe112', '0xe114', '0xe116', '0xe11a', '0xe11e', '0xe122', '0xe124']
0xe0d2
current block: ['0xe058', '0xe05c', '0xe060']
log_entry: e124e058
0xe058
current block: ['0xe06c', '0xe070', '0xe074', '0xe078']
log_entry: e060e06c
0xe06c
current block: ['0xe09c', '0xe0a0']
log_entry: e078e09c
0xe09c
current block: ['0xe07a', '0xe07e']
log_entry: e0a0e07a
0xe07a
current block: ['0xe1dc', '0xe1de', '0xe1e0', '0xe1e2', '0xe1e4', '0xe1e8', '0xe1ec', '0xe1ee', '0xe1f0', '0xe1f4', '0xe1f8', '0xe1fc', '0xe1fe', '0xe202', '0xe206', '0xe208']
log_entry: e07ee1dc
0xe1dc
current block: ['0xe168', '0xe16a', '0xe16c', '0xe16e', '0xe170', '0xe174', '0xe178']
log_entry: e208e168
0xe168
current block: ['0xe17e', '0xe182', '0xe186']
log_entry: e178e17e
0xe17e
current block: ['0xe17a', '0xe17e', '0xe182', '0xe186']
log_entry: e186e17a
0xe17a
1
current block: ['0xe17a', '0xe17e', '0xe182', '0xe186']
log_entry: e186e17a
0xe17a
current block: ['0xe188', '0xe18a', '0xe18c']
log_entry: e186e188
0xe188
current block: ['0xe20c', '0xe210', '0xe214', '0xe216', '0xe218', '0xe21c', '0xe220']
log_entry: e18ce20c
0xe20c
current block: ['0xe168', '0xe16a', '0xe16c', '0xe16e', '0xe170', '0xe174', '0xe178']
log_entry: e220e168
0xe168
current block: ['0xe17e', '0xe182', '0xe186']
log_entry: e178e17e
0xe17e
current block: ['0xe17a', '0xe17e', '0xe182', '0xe186']
log_entry: e186e17a
0xe17a
1
current block: ['0xe17a', '0xe17e', '0xe182', '0xe186']
log_entry: e186e17a
0xe17a
2
0xe17a
3
0xe17a
4
0xe17a
log_entry: 00000005
current block: ['0xe188', '0xe18a', '0xe18c']
log_entry: e186e188
0xe188
current block: ['0xe224', '0xe228', '0xe22c', '0xe22e', '0xe232', '0xe236', '0xe23a', '0xe23e', '0xe240', '0xe244', '0xe248']
log_entry: e18ce224
0xe224
current block: ['0xe18e', '0xe190', '0xe192', '0xe194', '0xe198', '0xe19c', '0xe1a0', '0xe1a4']
log_entry: e248e18e
---------- IN PULSEIN_HOOK --------------
initial block
['0xe18e', '0xe190', '0xe192', '0xe194', '0xe198', '0xe19c', '0xe1a0', '0xe1a4']
log_entry: e1a4e1c4
while block
['0xe1a6', '0xe1aa', '0xe1ac', '0xe1ae', '0xe1b0', '0xe1b2', '0xe1b4', '0xe1b6', '0xe1b8', '0xe1bc', '0xe1c0', '0xe1c4', '0xe1ca']
log_entry: e1cae1a6
log_entry: 000003e8
exit block
['0xe1cc', '0xe1d0', '0xe1d4', '0xe1d8', '0xe1da']
log_entry: e1cae1cc
final cf_src: 0xe1da
final cf_dest 0xe24c
log_entry: e1dae24c
----------------------------------------
0xe18e
current block: ['0xe24c', '0xe250', '0xe254', '0xe258', '0xe25c', '0xe25e', '0xe260']
0xe24c
current block: ['0xe082', '0xe084', '0xe086', '0xe088', '0xe08a', '0xe08c', '0xe090', '0xe094', '0xe098', '0xe09c', '0xe0a0']
log_entry: e260e082
0xe082
current block: ['0xe07a', '0xe07e']
log_entry: e0a0e07a
0xe07a
current block: ['0xe1dc', '0xe1de', '0xe1e0', '0xe1e2', '0xe1e4', '0xe1e8', '0xe1ec', '0xe1ee', '0xe1f0', '0xe1f4', '0xe1f8', '0xe1fc', '0xe1fe', '0xe202', '0xe206', '0xe208']
log_entry: e07ee1dc
0xe1dc
current block: ['0xe168', '0xe16a', '0xe16c', '0xe16e', '0xe170', '0xe174', '0xe178']
log_entry: e208e168
0xe168
current block: ['0xe17e', '0xe182', '0xe186']
log_entry: e178e17e
0xe17e
current block: ['0xe17a', '0xe17e', '0xe182', '0xe186']
log_entry: e186e17a
0xe17a
1
current block: ['0xe17a', '0xe17e', '0xe182', '0xe186']
log_entry: e186e17a
0xe17a
current block: ['0xe188', '0xe18a', '0xe18c']
log_entry: e186e188
0xe188
current block: ['0xe20c', '0xe210', '0xe214', '0xe216', '0xe218', '0xe21c', '0xe220']
log_entry: e18ce20c
0xe20c
current block: ['0xe168', '0xe16a', '0xe16c', '0xe16e', '0xe170', '0xe174', '0xe178']
log_entry: e220e168
0xe168
current block: ['0xe17e', '0xe182', '0xe186']
log_entry: e178e17e
0xe17e
current block: ['0xe17a', '0xe17e', '0xe182', '0xe186']
log_entry: e186e17a
0xe17a
1
current block: ['0xe17a', '0xe17e', '0xe182', '0xe186']
log_entry: e186e17a
0xe17a
2
0xe17a
3
0xe17a
4
0xe17a
log_entry: 00000005
current block: ['0xe188', '0xe18a', '0xe18c']
log_entry: e186e188
0xe188
current block: ['0xe224', '0xe228', '0xe22c', '0xe22e', '0xe232', '0xe236', '0xe23a', '0xe23e', '0xe240', '0xe244', '0xe248']
log_entry: e18ce224
0xe224
current block: ['0xe18e', '0xe190', '0xe192', '0xe194', '0xe198', '0xe19c', '0xe1a0', '0xe1a4']
log_entry: e248e18e
---------- IN PULSEIN_HOOK --------------
initial block
['0xe18e', '0xe190', '0xe192', '0xe194', '0xe198', '0xe19c', '0xe1a0', '0xe1a4']
log_entry: e1a4e1c4
while block
['0xe1a6', '0xe1aa', '0xe1ac', '0xe1ae', '0xe1b0', '0xe1b2', '0xe1b4', '0xe1b6', '0xe1b8', '0xe1bc', '0xe1c0', '0xe1c4', '0xe1ca']
log_entry: e1cae1a6
log_entry: 000003e8
exit block
['0xe1cc', '0xe1d0', '0xe1d4', '0xe1d8', '0xe1da']
log_entry: e1cae1cc
final cf_src: 0xe1da
final cf_dest 0xe24c
log_entry: e1dae24c
----------------------------------------
0xe18e
current block: ['0xe24c', '0xe250', '0xe254', '0xe258', '0xe25c', '0xe25e', '0xe260']
0xe24c
current block: ['0xe082', '0xe084', '0xe086', '0xe088', '0xe08a', '0xe08c', '0xe090', '0xe094', '0xe098', '0xe09c', '0xe0a0']
log_entry: e260e082
0xe082
current block: ['0xe07a', '0xe07e']
log_entry: e0a0e07a
0xe07a
current block: ['0xe1dc', '0xe1de', '0xe1e0', '0xe1e2', '0xe1e4', '0xe1e8', '0xe1ec', '0xe1ee', '0xe1f0', '0xe1f4', '0xe1f8', '0xe1fc', '0xe1fe', '0xe202', '0xe206', '0xe208']
log_entry: e07ee1dc
0xe1dc
current block: ['0xe168', '0xe16a', '0xe16c', '0xe16e', '0xe170', '0xe174', '0xe178']
log_entry: e208e168
0xe168
current block: ['0xe17e', '0xe182', '0xe186']
log_entry: e178e17e
0xe17e
current block: ['0xe17a', '0xe17e', '0xe182', '0xe186']
log_entry: e186e17a
0xe17a
1
current block: ['0xe17a', '0xe17e', '0xe182', '0xe186']
log_entry: e186e17a
0xe17a
current block: ['0xe188', '0xe18a', '0xe18c']
log_entry: e186e188
0xe188
current block: ['0xe20c', '0xe210', '0xe214', '0xe216', '0xe218', '0xe21c', '0xe220']
log_entry: e18ce20c
0xe20c
current block: ['0xe168', '0xe16a', '0xe16c', '0xe16e', '0xe170', '0xe174', '0xe178']
log_entry: e220e168
0xe168
current block: ['0xe17e', '0xe182', '0xe186']
log_entry: e178e17e
0xe17e
current block: ['0xe17a', '0xe17e', '0xe182', '0xe186']
log_entry: e186e17a
0xe17a
1
current block: ['0xe17a', '0xe17e', '0xe182', '0xe186']
log_entry: e186e17a
0xe17a
2
0xe17a
3
0xe17a
4
0xe17a
log_entry: 00000005
current block: ['0xe188', '0xe18a', '0xe18c']
log_entry: e186e188
0xe188
current block: ['0xe224', '0xe228', '0xe22c', '0xe22e', '0xe232', '0xe236', '0xe23a', '0xe23e', '0xe240', '0xe244', '0xe248']
log_entry: e18ce224
0xe224
current block: ['0xe18e', '0xe190', '0xe192', '0xe194', '0xe198', '0xe19c', '0xe1a0', '0xe1a4']
log_entry: e248e18e
---------- IN PULSEIN_HOOK --------------
initial block
['0xe18e', '0xe190', '0xe192', '0xe194', '0xe198', '0xe19c', '0xe1a0', '0xe1a4']
log_entry: e1a4e1c4
while block
['0xe1a6', '0xe1aa', '0xe1ac', '0xe1ae', '0xe1b0', '0xe1b2', '0xe1b4', '0xe1b6', '0xe1b8', '0xe1bc', '0xe1c0', '0xe1c4', '0xe1ca']
log_entry: e1cae1a6
log_entry: 000003e8
exit block
['0xe1cc', '0xe1d0', '0xe1d4', '0xe1d8', '0xe1da']
log_entry: e1cae1cc
final cf_src: 0xe1da
final cf_dest 0xe24c
log_entry: e1dae24c
----------------------------------------
0xe18e
current block: ['0xe24c', '0xe250', '0xe254', '0xe258', '0xe25c', '0xe25e', '0xe260']
0xe24c
current block: ['0xe082', '0xe084', '0xe086', '0xe088', '0xe08a', '0xe08c', '0xe090', '0xe094', '0xe098', '0xe09c', '0xe0a0']
log_entry: e260e082
0xe082
current block: ['0xe07a', '0xe07e']
log_entry: e0a0e07a
0xe07a
current block: ['0xe1dc', '0xe1de', '0xe1e0', '0xe1e2', '0xe1e4', '0xe1e8', '0xe1ec', '0xe1ee', '0xe1f0', '0xe1f4', '0xe1f8', '0xe1fc', '0xe1fe', '0xe202', '0xe206', '0xe208']
log_entry: e07ee1dc
0xe1dc
current block: ['0xe168', '0xe16a', '0xe16c', '0xe16e', '0xe170', '0xe174', '0xe178']
log_entry: e208e168
0xe168
current block: ['0xe17e', '0xe182', '0xe186']
log_entry: e178e17e
0xe17e
current block: ['0xe17a', '0xe17e', '0xe182', '0xe186']
log_entry: e186e17a
0xe17a
1
current block: ['0xe17a', '0xe17e', '0xe182', '0xe186']
log_entry: e186e17a
0xe17a
current block: ['0xe188', '0xe18a', '0xe18c']
log_entry: e186e188
0xe188
current block: ['0xe20c', '0xe210', '0xe214', '0xe216', '0xe218', '0xe21c', '0xe220']
log_entry: e18ce20c
0xe20c
current block: ['0xe168', '0xe16a', '0xe16c', '0xe16e', '0xe170', '0xe174', '0xe178']
log_entry: e220e168
0xe168
current block: ['0xe17e', '0xe182', '0xe186']
log_entry: e178e17e
0xe17e
current block: ['0xe17a', '0xe17e', '0xe182', '0xe186']
log_entry: e186e17a
0xe17a
1
current block: ['0xe17a', '0xe17e', '0xe182', '0xe186']
log_entry: e186e17a
0xe17a
2
0xe17a
3
0xe17a
4
0xe17a
log_entry: 00000005
current block: ['0xe188', '0xe18a', '0xe18c']
log_entry: e186e188
0xe188
current block: ['0xe224', '0xe228', '0xe22c', '0xe22e', '0xe232', '0xe236', '0xe23a', '0xe23e', '0xe240', '0xe244', '0xe248']
log_entry: e18ce224
0xe224
current block: ['0xe18e', '0xe190', '0xe192', '0xe194', '0xe198', '0xe19c', '0xe1a0', '0xe1a4']
log_entry: e248e18e
---------- IN PULSEIN_HOOK --------------
initial block
['0xe18e', '0xe190', '0xe192', '0xe194', '0xe198', '0xe19c', '0xe1a0', '0xe1a4']
log_entry: e1a4e1c4
while block
['0xe1a6', '0xe1aa', '0xe1ac', '0xe1ae', '0xe1b0', '0xe1b2', '0xe1b4', '0xe1b6', '0xe1b8', '0xe1bc', '0xe1c0', '0xe1c4', '0xe1ca']
log_entry: e1cae1a6
log_entry: 000003e8
exit block
['0xe1cc', '0xe1d0', '0xe1d4', '0xe1d8', '0xe1da']
log_entry: e1cae1cc
final cf_src: 0xe1da
final cf_dest 0xe24c
log_entry: e1dae24c
----------------------------------------
0xe18e
current block: ['0xe24c', '0xe250', '0xe254', '0xe258', '0xe25c', '0xe25e', '0xe260']
0xe24c
current block: ['0xe082', '0xe084', '0xe086', '0xe088', '0xe08a', '0xe08c', '0xe090', '0xe094', '0xe098', '0xe09c', '0xe0a0']
log_entry: e260e082
0xe082
current block: ['0xe07a', '0xe07e']
log_entry: e0a0e07a
0xe07a
current block: ['0xe1dc', '0xe1de', '0xe1e0', '0xe1e2', '0xe1e4', '0xe1e8', '0xe1ec', '0xe1ee', '0xe1f0', '0xe1f4', '0xe1f8', '0xe1fc', '0xe1fe', '0xe202', '0xe206', '0xe208']
log_entry: e07ee1dc
0xe1dc
current block: ['0xe168', '0xe16a', '0xe16c', '0xe16e', '0xe170', '0xe174', '0xe178']
log_entry: e208e168
0xe168
current block: ['0xe17e', '0xe182', '0xe186']
log_entry: e178e17e
0xe17e
current block: ['0xe17a', '0xe17e', '0xe182', '0xe186']
log_entry: e186e17a
0xe17a
1
current block: ['0xe17a', '0xe17e', '0xe182', '0xe186']
log_entry: e186e17a
0xe17a
current block: ['0xe188', '0xe18a', '0xe18c']
log_entry: e186e188
0xe188
current block: ['0xe20c', '0xe210', '0xe214', '0xe216', '0xe218', '0xe21c', '0xe220']
log_entry: e18ce20c
0xe20c
current block: ['0xe168', '0xe16a', '0xe16c', '0xe16e', '0xe170', '0xe174', '0xe178']
log_entry: e220e168
0xe168
current block: ['0xe17e', '0xe182', '0xe186']
log_entry: e178e17e
0xe17e
current block: ['0xe17a', '0xe17e', '0xe182', '0xe186']
log_entry: e186e17a
0xe17a
1
current block: ['0xe17a', '0xe17e', '0xe182', '0xe186']
log_entry: e186e17a
0xe17a
2
0xe17a
3
0xe17a
4
0xe17a
log_entry: 00000005
current block: ['0xe188', '0xe18a', '0xe18c']
log_entry: e186e188
0xe188
current block: ['0xe224', '0xe228', '0xe22c', '0xe22e', '0xe232', '0xe236', '0xe23a', '0xe23e', '0xe240', '0xe244', '0xe248']
log_entry: e18ce224
0xe224
current block: ['0xe18e', '0xe190', '0xe192', '0xe194', '0xe198', '0xe19c', '0xe1a0', '0xe1a4']
log_entry: e248e18e
---------- IN PULSEIN_HOOK --------------
initial block
['0xe18e', '0xe190', '0xe192', '0xe194', '0xe198', '0xe19c', '0xe1a0', '0xe1a4']
log_entry: e1a4e1c4
while block
['0xe1a6', '0xe1aa', '0xe1ac', '0xe1ae', '0xe1b0', '0xe1b2', '0xe1b4', '0xe1b6', '0xe1b8', '0xe1bc', '0xe1c0', '0xe1c4', '0xe1ca']
log_entry: e1cae1a6
log_entry: 000003e8
exit block
['0xe1cc', '0xe1d0', '0xe1d4', '0xe1d8', '0xe1da']
log_entry: e1cae1cc
final cf_src: 0xe1da
final cf_dest 0xe24c
log_entry: e1dae24c
----------------------------------------
0xe18e
current block: ['0xe24c', '0xe250', '0xe254', '0xe258', '0xe25c', '0xe25e', '0xe260']
0xe24c
current block: ['0xe082', '0xe084', '0xe086', '0xe088', '0xe08a', '0xe08c', '0xe090', '0xe094', '0xe098', '0xe09c', '0xe0a0']
log_entry: e260e082
0xe082
current block: ['0xe07a', '0xe07e']
log_entry: e0a0e07a
0xe07a
current block: ['0xe1dc', '0xe1de', '0xe1e0', '0xe1e2', '0xe1e4', '0xe1e8', '0xe1ec', '0xe1ee', '0xe1f0', '0xe1f4', '0xe1f8', '0xe1fc', '0xe1fe', '0xe202', '0xe206', '0xe208']
log_entry: e07ee1dc
0xe1dc
current block: ['0xe168', '0xe16a', '0xe16c', '0xe16e', '0xe170', '0xe174', '0xe178']
log_entry: e208e168
0xe168
current block: ['0xe17e', '0xe182', '0xe186']
log_entry: e178e17e
0xe17e
current block: ['0xe17a', '0xe17e', '0xe182', '0xe186']
log_entry: e186e17a
0xe17a
1
current block: ['0xe17a', '0xe17e', '0xe182', '0xe186']
log_entry: e186e17a
0xe17a
current block: ['0xe188', '0xe18a', '0xe18c']
log_entry: e186e188
0xe188
current block: ['0xe20c', '0xe210', '0xe214', '0xe216', '0xe218', '0xe21c', '0xe220']
log_entry: e18ce20c
0xe20c
current block: ['0xe168', '0xe16a', '0xe16c', '0xe16e', '0xe170', '0xe174', '0xe178']
log_entry: e220e168
0xe168
current block: ['0xe17e', '0xe182', '0xe186']
log_entry: e178e17e
0xe17e
current block: ['0xe17a', '0xe17e', '0xe182', '0xe186']
log_entry: e186e17a
0xe17a
1
current block: ['0xe17a', '0xe17e', '0xe182', '0xe186']
log_entry: e186e17a
0xe17a
2
0xe17a
3
0xe17a
4
0xe17a
log_entry: 00000005
current block: ['0xe188', '0xe18a', '0xe18c']
log_entry: e186e188
0xe188
current block: ['0xe224', '0xe228', '0xe22c', '0xe22e', '0xe232', '0xe236', '0xe23a', '0xe23e', '0xe240', '0xe244', '0xe248']
log_entry: e18ce224
0xe224
current block: ['0xe18e', '0xe190', '0xe192', '0xe194', '0xe198', '0xe19c', '0xe1a0', '0xe1a4']
log_entry: e248e18e
---------- IN PULSEIN_HOOK --------------
initial block
['0xe18e', '0xe190', '0xe192', '0xe194', '0xe198', '0xe19c', '0xe1a0', '0xe1a4']
log_entry: e1a4e1c4
while block
['0xe1a6', '0xe1aa', '0xe1ac', '0xe1ae', '0xe1b0', '0xe1b2', '0xe1b4', '0xe1b6', '0xe1b8', '0xe1bc', '0xe1c0', '0xe1c4', '0xe1ca']
log_entry: e1cae1a6
log_entry: 000003e8
exit block
['0xe1cc', '0xe1d0', '0xe1d4', '0xe1d8', '0xe1da']
log_entry: e1cae1cc
final cf_src: 0xe1da
final cf_dest 0xe24c
log_entry: e1dae24c
----------------------------------------
0xe18e
current block: ['0xe24c', '0xe250', '0xe254', '0xe258', '0xe25c', '0xe25e', '0xe260']
0xe24c
current block: ['0xe082', '0xe084', '0xe086', '0xe088', '0xe08a', '0xe08c', '0xe090', '0xe094', '0xe098', '0xe09c', '0xe0a0']
log_entry: e260e082
0xe082
current block: ['0xe07a', '0xe07e']
log_entry: e0a0e07a
0xe07a
current block: ['0xe1dc', '0xe1de', '0xe1e0', '0xe1e2', '0xe1e4', '0xe1e8', '0xe1ec', '0xe1ee', '0xe1f0', '0xe1f4', '0xe1f8', '0xe1fc', '0xe1fe', '0xe202', '0xe206', '0xe208']
log_entry: e07ee1dc
0xe1dc
current block: ['0xe168', '0xe16a', '0xe16c', '0xe16e', '0xe170', '0xe174', '0xe178']
log_entry: e208e168
0xe168
current block: ['0xe17e', '0xe182', '0xe186']
log_entry: e178e17e
0xe17e
current block: ['0xe17a', '0xe17e', '0xe182', '0xe186']
log_entry: e186e17a
0xe17a
1
current block: ['0xe17a', '0xe17e', '0xe182', '0xe186']
log_entry: e186e17a
0xe17a
current block: ['0xe188', '0xe18a', '0xe18c']
log_entry: e186e188
0xe188
current block: ['0xe20c', '0xe210', '0xe214', '0xe216', '0xe218', '0xe21c', '0xe220']
log_entry: e18ce20c
0xe20c
current block: ['0xe168', '0xe16a', '0xe16c', '0xe16e', '0xe170', '0xe174', '0xe178']
log_entry: e220e168
0xe168
current block: ['0xe17e', '0xe182', '0xe186']
log_entry: e178e17e
0xe17e
current block: ['0xe17a', '0xe17e', '0xe182', '0xe186']
log_entry: e186e17a
0xe17a
1
current block: ['0xe17a', '0xe17e', '0xe182', '0xe186']
log_entry: e186e17a
0xe17a
2
0xe17a
3
0xe17a
4
0xe17a
log_entry: 00000005
current block: ['0xe188', '0xe18a', '0xe18c']
log_entry: e186e188
0xe188
current block: ['0xe224', '0xe228', '0xe22c', '0xe22e', '0xe232', '0xe236', '0xe23a', '0xe23e', '0xe240', '0xe244', '0xe248']
log_entry: e18ce224
0xe224
current block: ['0xe18e', '0xe190', '0xe192', '0xe194', '0xe198', '0xe19c', '0xe1a0', '0xe1a4']
log_entry: e248e18e
---------- IN PULSEIN_HOOK --------------
initial block
['0xe18e', '0xe190', '0xe192', '0xe194', '0xe198', '0xe19c', '0xe1a0', '0xe1a4']
log_entry: e1a4e1c4
while block
['0xe1a6', '0xe1aa', '0xe1ac', '0xe1ae', '0xe1b0', '0xe1b2', '0xe1b4', '0xe1b6', '0xe1b8', '0xe1bc', '0xe1c0', '0xe1c4', '0xe1ca']
log_entry: e1cae1a6
log_entry: 000003e8
exit block
['0xe1cc', '0xe1d0', '0xe1d4', '0xe1d8', '0xe1da']
log_entry: e1cae1cc
final cf_src: 0xe1da
final cf_dest 0xe24c
log_entry: e1dae24c
----------------------------------------
0xe18e
current block: ['0xe24c', '0xe250', '0xe254', '0xe258', '0xe25c', '0xe25e', '0xe260']
0xe24c
current block: ['0xe082', '0xe084', '0xe086', '0xe088', '0xe08a', '0xe08c', '0xe090', '0xe094', '0xe098', '0xe09c', '0xe0a0']
log_entry: e260e082
0xe082
current block: ['0xe07a', '0xe07e']
log_entry: e0a0e07a
0xe07a
current block: ['0xe1dc', '0xe1de', '0xe1e0', '0xe1e2', '0xe1e4', '0xe1e8', '0xe1ec', '0xe1ee', '0xe1f0', '0xe1f4', '0xe1f8', '0xe1fc', '0xe1fe', '0xe202', '0xe206', '0xe208']
log_entry: e07ee1dc
0xe1dc
current block: ['0xe168', '0xe16a', '0xe16c', '0xe16e', '0xe170', '0xe174', '0xe178']
log_entry: e208e168
0xe168
current block: ['0xe17e', '0xe182', '0xe186']
log_entry: e178e17e
0xe17e
current block: ['0xe17a', '0xe17e', '0xe182', '0xe186']
log_entry: e186e17a
0xe17a
1
current block: ['0xe17a', '0xe17e', '0xe182', '0xe186']
log_entry: e186e17a
0xe17a
current block: ['0xe188', '0xe18a', '0xe18c']
log_entry: e186e188
0xe188
current block: ['0xe20c', '0xe210', '0xe214', '0xe216', '0xe218', '0xe21c', '0xe220']
log_entry: e18ce20c
0xe20c
current block: ['0xe168', '0xe16a', '0xe16c', '0xe16e', '0xe170', '0xe174', '0xe178']
log_entry: e220e168
0xe168
current block: ['0xe17e', '0xe182', '0xe186']
log_entry: e178e17e
0xe17e
current block: ['0xe17a', '0xe17e', '0xe182', '0xe186']
log_entry: e186e17a
0xe17a
1
current block: ['0xe17a', '0xe17e', '0xe182', '0xe186']
log_entry: e186e17a
0xe17a
2
0xe17a
3
0xe17a
4
0xe17a
log_entry: 00000005
current block: ['0xe188', '0xe18a', '0xe18c']
log_entry: e186e188
0xe188
current block: ['0xe224', '0xe228', '0xe22c', '0xe22e', '0xe232', '0xe236', '0xe23a', '0xe23e', '0xe240', '0xe244', '0xe248']
log_entry: e18ce224
0xe224
current block: ['0xe18e', '0xe190', '0xe192', '0xe194', '0xe198', '0xe19c', '0xe1a0', '0xe1a4']
log_entry: e248e18e
---------- IN PULSEIN_HOOK --------------
initial block
['0xe18e', '0xe190', '0xe192', '0xe194', '0xe198', '0xe19c', '0xe1a0', '0xe1a4']
log_entry: e1a4e1c4
while block
['0xe1a6', '0xe1aa', '0xe1ac', '0xe1ae', '0xe1b0', '0xe1b2', '0xe1b4', '0xe1b6', '0xe1b8', '0xe1bc', '0xe1c0', '0xe1c4', '0xe1ca']
log_entry: e1cae1a6
log_entry: 000003e8
exit block
['0xe1cc', '0xe1d0', '0xe1d4', '0xe1d8', '0xe1da']
log_entry: e1cae1cc
final cf_src: 0xe1da
final cf_dest 0xe24c
log_entry: e1dae24c
----------------------------------------
0xe18e
current block: ['0xe24c', '0xe250', '0xe254', '0xe258', '0xe25c', '0xe25e', '0xe260']
0xe24c
current block: ['0xe082', '0xe084', '0xe086', '0xe088', '0xe08a', '0xe08c', '0xe090', '0xe094', '0xe098', '0xe09c', '0xe0a0']
log_entry: e260e082
0xe082
current block: ['0xe0a2']
log_entry: e0a0e0a2
simlog size: 179
***** Last Blocks *****
e264
['0xe0a2']
final log_entry: e0a2e264
['e264', 'e268', 'e26c']
--------- Simulated CF-Log --------
e054e0ae
e0cee126
e136e152
e160e138
00000004
e160e162
e166e0d2
e124e058
e060e06c
e078e09c
e0a0e07a
e07ee1dc
e208e168
e178e17e
e186e17a
e186e17a
e186e188
e18ce20c
e220e168
e178e17e
e186e17a
00000005
e186e188
e18ce224
e248e18e
e1a4e1c4
e1cae1a6
000003e8
e1cae1cc
e1dae24c
e260e082
e0a0e07a
e07ee1dc
e208e168
e178e17e
e186e17a
e186e17a
e186e188
e18ce20c
e220e168
e178e17e
e186e17a
00000005
e186e188
e18ce224
e248e18e
e1a4e1c4
e1cae1a6
000003e8
e1cae1cc
e1dae24c
e260e082
e0a0e07a
e07ee1dc
e208e168
e178e17e
e186e17a
e186e17a
e186e188
e18ce20c
e220e168
e178e17e
e186e17a
00000005
e186e188
e18ce224
e248e18e
e1a4e1c4
e1cae1a6
000003e8
e1cae1cc
e1dae24c
e260e082
e0a0e07a
e07ee1dc
e208e168
e178e17e
e186e17a
e186e17a
e186e188
e18ce20c
e220e168
e178e17e
e186e17a
00000005
e186e188
e18ce224
e248e18e
e1a4e1c4
e1cae1a6
000003e8
e1cae1cc
e1dae24c
e260e082
e0a0e07a
e07ee1dc
e208e168
e178e17e
e186e17a
e186e17a
e186e188
e18ce20c
e220e168
e178e17e
e186e17a
00000005
e186e188
e18ce224
e248e18e
e1a4e1c4
e1cae1a6
000003e8
e1cae1cc
e1dae24c
e260e082
e0a0e07a
e07ee1dc
e208e168
e178e17e
e186e17a
e186e17a
e186e188
e18ce20c
e220e168
e178e17e
e186e17a
00000005
e186e188
e18ce224
e248e18e
e1a4e1c4
e1cae1a6
000003e8
e1cae1cc
e1dae24c
e260e082
e0a0e07a
e07ee1dc
e208e168
e178e17e
e186e17a
e186e17a
e186e188
e18ce20c
e220e168
e178e17e
e186e17a
00000005
e186e188
e18ce224
e248e18e
e1a4e1c4
e1cae1a6
000003e8
e1cae1cc
e1dae24c
e260e082
e0a0e07a
e07ee1dc
e208e168
e178e17e
e186e17a
e186e17a
e186e188
e18ce20c
e220e168
e178e17e
e186e17a
00000005
e186e188
e18ce224
e248e18e
e1a4e1c4
e1cae1a6
000003e8
e1cae1cc
e1dae24c
e260e082
e0a0e0a2
e0a2e264
-----------------------------------
Elapsed time (s): 2.684419552999316
