-----
Starting 0.cflog
Time Elapsed: 0.051465258991811424
-----
-----
Starting 1.cflog
--------------------------------
PAUSE AFTER CALL
stack pointer (according to callstack: 0x67fc
top of stack: 0xe058
caller block: ['0xe03e', '0xe040', '0xe042', '0xe044', '0xe048', '0xe04c', '0xe050', '0xe054']
cur block: ['0xe0ae', '0xe0b0', '0xe0b2', '0xe0b4', '0xe0b8', '0xe0bc', '0xe0c0', '0xe0c4', '0xe0c8', '0xe0ca', '0xe0ce']
---- expected CALL_SITE: e054
---- expected CALL_DEST: e0ae
---- Shadow stack update (after PUSH): ['0xe058']
--------------------------------
0xe0ae
--------------------------------
PAUSE AFTER CALL
stack pointer (according to callstack: 0x67f2
top of stack: 0xe0d2
caller block: ['0xe0ae', '0xe0b0', '0xe0b2', '0xe0b4', '0xe0b8', '0xe0bc', '0xe0c0', '0xe0c4', '0xe0c8', '0xe0ca', '0xe0ce']
cur block: ['0xe126', '0xe128', '0xe12a', '0xe12c', '0xe12e', '0xe132', '0xe136']
---- expected CALL_SITE: e0ce
---- expected CALL_DEST: e126
---- Shadow stack update (after PUSH): ['0xe058', '0xe0d2']
--------------------------------
0xe126
---------- HOOKED: read_data() --------------
--------------------------------
PAUSE AFTER RET
pc: 0xe0d2
cur block: ['0xe126', '0xe128', '0xe12a', '0xe12c', '0xe12e', '0xe132', '0xe136']
callstack.ret_addr: 0xe058
---- POP from shadow stack: e0d2
---- Shadow stack update (after POP): ['0xe058']
---- Logged return addr: e0d2
0xe0d2
--------------------------------
PAUSE AFTER RET
pc: 0xe058
cur block: ['0xe0d2', '0xe0d6', '0xe0da', '0xe0dc', '0xe0de', '0xe0e0', '0xe0e4', '0xe0e8', '0xe0ec', '0xe0ee', '0xe0f0', '0xe0f2', '0xe0f6', '0xe0fa', '0xe0fe', '0xe100', '0xe102', '0xe104', '0xe108', '0xe10c', '0xe110', '0xe112', '0xe114', '0xe116', '0xe11a', '0xe11e', '0xe122', '0xe124']
callstack.ret_addr: 0x0
---- POP from shadow stack: e058
---- Shadow stack update (after POP): []
---- Logged return addr: e058
0xe058
0xe06c
0xe09c
0xe07a
--------------------------------
PAUSE AFTER CALL
stack pointer (according to callstack: 0x67fc
top of stack: 0xe082
caller block: ['0xe07a', '0xe07e']
cur block: ['0xe1dc', '0xe1de', '0xe1e0', '0xe1e2', '0xe1e4', '0xe1e8', '0xe1ec', '0xe1ee', '0xe1f0', '0xe1f4', '0xe1f8', '0xe1fc', '0xe1fe', '0xe202', '0xe206', '0xe208']
---- expected CALL_SITE: e07e
---- expected CALL_DEST: e1dc
---- Shadow stack update (after PUSH): ['0xe082']
--------------------------------
0xe1dc
--------------------------------
PAUSE AFTER CALL
stack pointer (according to callstack: 0x67f4
top of stack: 0xe20c
caller block: ['0xe1dc', '0xe1de', '0xe1e0', '0xe1e2', '0xe1e4', '0xe1e8', '0xe1ec', '0xe1ee', '0xe1f0', '0xe1f4', '0xe1f8', '0xe1fc', '0xe1fe', '0xe202', '0xe206', '0xe208']
cur block: ['0xe168', '0xe16a', '0xe16c', '0xe16e', '0xe170', '0xe174', '0xe178']
---- expected CALL_SITE: e208
---- expected CALL_DEST: e168
---- Shadow stack update (after PUSH): ['0xe082', '0xe20c']
--------------------------------
0xe168
0xe17e
0xe17a
0xe188
--------------------------------
PAUSE AFTER RET
pc: 0xe20c
cur block: ['0xe188', '0xe18a', '0xe18c']
callstack.ret_addr: 0xe082
---- POP from shadow stack: e20c
---- Shadow stack update (after POP): ['0xe082']
---- Logged return addr: e20c
0xe20c
--------------------------------
PAUSE AFTER CALL
stack pointer (according to callstack: 0x67f4
top of stack: 0xe224
caller block: ['0xe20c', '0xe210', '0xe214', '0xe216', '0xe218', '0xe21c', '0xe220']
cur block: ['0xe168', '0xe16a', '0xe16c', '0xe16e', '0xe170', '0xe174', '0xe178']
---- expected CALL_SITE: e220
---- expected CALL_DEST: e168
---- Shadow stack update (after PUSH): ['0xe082', '0xe224']
--------------------------------
0xe168
0xe17e
0xe17a
0xe188
--------------------------------
PAUSE AFTER RET
pc: 0xe224
cur block: ['0xe188', '0xe18a', '0xe18c']
callstack.ret_addr: 0xe082
---- POP from shadow stack: e224
---- Shadow stack update (after POP): ['0xe082']
---- Logged return addr: e224
0xe224
--------------------------------
PAUSE AFTER CALL
stack pointer (according to callstack: 0x67f4
top of stack: 0xe24c
caller block: ['0xe224', '0xe228', '0xe22c', '0xe22e', '0xe232', '0xe236', '0xe23a', '0xe23e', '0xe240', '0xe244', '0xe248']
cur block: ['0xe18e', '0xe190', '0xe192', '0xe194', '0xe198', '0xe19c', '0xe1a0', '0xe1a4']
---- expected CALL_SITE: e248
---- expected CALL_DEST: e18e
---- Shadow stack update (after PUSH): ['0xe082', '0xe24c']
--------------------------------
0xe18e
---------- HOOKED: pulseIn() --------------
--------------------------------
PAUSE AFTER RET
pc: 0xe24c
cur block: ['0xe18e', '0xe190', '0xe192', '0xe194', '0xe198', '0xe19c', '0xe1a0', '0xe1a4']
callstack.ret_addr: 0xe082
---- POP from shadow stack: e24c
---- Shadow stack update (after POP): ['0xe082']
---- Logged return addr: e24c
0xe24c
--------------------------------
PAUSE AFTER RET
pc: 0xe082
cur block: ['0xe24c', '0xe250', '0xe254', '0xe258', '0xe25c', '0xe25e', '0xe260']
callstack.ret_addr: 0x0
---- POP from shadow stack: e082
---- Shadow stack update (after POP): []
---- Logged return addr: e082
0xe082
0xe07a
--------------------------------
PAUSE AFTER CALL
stack pointer (according to callstack: 0x67fc
top of stack: 0xe082
caller block: ['0xe07a', '0xe07e']
cur block: ['0xe1dc', '0xe1de', '0xe1e0', '0xe1e2', '0xe1e4', '0xe1e8', '0xe1ec', '0xe1ee', '0xe1f0', '0xe1f4', '0xe1f8', '0xe1fc', '0xe1fe', '0xe202', '0xe206', '0xe208']
---- expected CALL_SITE: e07e
---- expected CALL_DEST: e1dc
---- Shadow stack update (after PUSH): ['0xe082']
--------------------------------
0xe1dc
--------------------------------
PAUSE AFTER CALL
stack pointer (according to callstack: 0x67f4
top of stack: 0xe20c
caller block: ['0xe1dc', '0xe1de', '0xe1e0', '0xe1e2', '0xe1e4', '0xe1e8', '0xe1ec', '0xe1ee', '0xe1f0', '0xe1f4', '0xe1f8', '0xe1fc', '0xe1fe', '0xe202', '0xe206', '0xe208']
cur block: ['0xe168', '0xe16a', '0xe16c', '0xe16e', '0xe170', '0xe174', '0xe178']
---- expected CALL_SITE: e208
---- expected CALL_DEST: e168
---- Shadow stack update (after PUSH): ['0xe082', '0xe20c']
--------------------------------
0xe168
0xe17e
0xe17a
0xe188
--------------------------------
PAUSE AFTER RET
pc: 0xe20c
cur block: ['0xe188', '0xe18a', '0xe18c']
callstack.ret_addr: 0x1e082
---- POP from shadow stack: e20c
---- Shadow stack update (after POP): ['0xe082']
---- Logged return addr: e20c
0xe20c
--------------------------------
PAUSE AFTER CALL
stack pointer (according to callstack: 0x67f4
top of stack: 0xe224
caller block: ['0xe20c', '0xe210', '0xe214', '0xe216', '0xe218', '0xe21c', '0xe220']
cur block: ['0xe168', '0xe16a', '0xe16c', '0xe16e', '0xe170', '0xe174', '0xe178']
---- expected CALL_SITE: e220
---- expected CALL_DEST: e168
---- Shadow stack update (after PUSH): ['0xe082', '0xe224']
--------------------------------
0xe168
0xe17e
0xe17a
0xe188
--------------------------------
PAUSE AFTER RET
pc: 0xe224
cur block: ['0xe188', '0xe18a', '0xe18c']
callstack.ret_addr: 0x1e082
---- POP from shadow stack: e224
---- Shadow stack update (after POP): ['0xe082']
---- Logged return addr: e224
0xe224
--------------------------------
PAUSE AFTER CALL
stack pointer (according to callstack: 0x67f4
top of stack: 0xe24c
caller block: ['0xe224', '0xe228', '0xe22c', '0xe22e', '0xe232', '0xe236', '0xe23a', '0xe23e', '0xe240', '0xe244', '0xe248']
cur block: ['0xe18e', '0xe190', '0xe192', '0xe194', '0xe198', '0xe19c', '0xe1a0', '0xe1a4']
---- expected CALL_SITE: e248
---- expected CALL_DEST: e18e
---- Shadow stack update (after PUSH): ['0xe082', '0xe24c']
--------------------------------
0xe18e
---------- HOOKED: pulseIn() --------------
--------------------------------
PAUSE AFTER RET
pc: 0xe24c
cur block: ['0xe18e', '0xe190', '0xe192', '0xe194', '0xe198', '0xe19c', '0xe1a0', '0xe1a4']
callstack.ret_addr: 0x1e082
---- POP from shadow stack: e24c
---- Shadow stack update (after POP): ['0xe082']
---- Logged return addr: e24c
0xe24c
--------------------------------
PAUSE AFTER RET
pc: 0xe082
cur block: ['0xe24c', '0xe250', '0xe254', '0xe258', '0xe25c', '0xe25e', '0xe260']
callstack.ret_addr: 0x0
---- POP from shadow stack: e082
---- Shadow stack update (after POP): []
---- Logged return addr: e082
0xe082
0xe07a
--------------------------------
PAUSE AFTER CALL
stack pointer (according to callstack: 0x67fc
top of stack: 0xe082
caller block: ['0xe07a', '0xe07e']
cur block: ['0xe1dc', '0xe1de', '0xe1e0', '0xe1e2', '0xe1e4', '0xe1e8', '0xe1ec', '0xe1ee', '0xe1f0', '0xe1f4', '0xe1f8', '0xe1fc', '0xe1fe', '0xe202', '0xe206', '0xe208']
---- expected CALL_SITE: e07e
---- expected CALL_DEST: e1dc
---- Shadow stack update (after PUSH): ['0xe082']
--------------------------------
0xe1dc
--------------------------------
PAUSE AFTER CALL
stack pointer (according to callstack: 0x67f4
top of stack: 0xe20c
caller block: ['0xe1dc', '0xe1de', '0xe1e0', '0xe1e2', '0xe1e4', '0xe1e8', '0xe1ec', '0xe1ee', '0xe1f0', '0xe1f4', '0xe1f8', '0xe1fc', '0xe1fe', '0xe202', '0xe206', '0xe208']
cur block: ['0xe168', '0xe16a', '0xe16c', '0xe16e', '0xe170', '0xe174', '0xe178']
---- expected CALL_SITE: e208
---- expected CALL_DEST: e168
---- Shadow stack update (after PUSH): ['0xe082', '0xe20c']
--------------------------------
0xe168
0xe17e
0xe17a
0xe188
--------------------------------
PAUSE AFTER RET
pc: 0xe20c
cur block: ['0xe188', '0xe18a', '0xe18c']
callstack.ret_addr: 0x2e082
---- POP from shadow stack: e20c
---- Shadow stack update (after POP): ['0xe082']
---- Logged return addr: e20c
0xe20c
--------------------------------
PAUSE AFTER CALL
stack pointer (according to callstack: 0x67f4
top of stack: 0xe224
caller block: ['0xe20c', '0xe210', '0xe214', '0xe216', '0xe218', '0xe21c', '0xe220']
cur block: ['0xe168', '0xe16a', '0xe16c', '0xe16e', '0xe170', '0xe174', '0xe178']
---- expected CALL_SITE: e220
---- expected CALL_DEST: e168
---- Shadow stack update (after PUSH): ['0xe082', '0xe224']
--------------------------------
0xe168
0xe17e
Time Elapsed: 1.5018670469871722
-----
